-------------------------------------------------------------------------------
Test set: com.example.obrestdatajpa.controller.BookControllerTest
-------------------------------------------------------------------------------
Tests run: 4, Failures: 1, Errors: 0, Skipped: 0, Time elapsed: 5.026 s <<< FAILURE! - in com.example.obrestdatajpa.controller.BookControllerTest
findOneById  Time elapsed: 0.028 s  <<< FAILURE!
org.opentest4j.AssertionFailedError: expected: <404 NOT_FOUND> but was: <200 OK>
	at com.example.obrestdatajpa.controller.BookControllerTest.findOneById(BookControllerTest.java:65)

